./AMotorJoint.cpp:13: 'PGDMath.h' already #included in './AMotorJoint.h'
./Body.cpp:13: 'Simulation.h' already #included in './Body.h'
./Body.cpp:14: 'PGDMath.h' already #included in './Body.h'
./ButterworthFilter.cpp:100: static data 'SharedButterworthFilter::m_cutoffFrequency'
./ButterworthFilter.cpp:101: static data 'SharedButterworthFilter::m_samplingFrequency'
./ButterworthFilter.cpp:102: static data 'SharedButterworthFilter::m_b0'
./ButterworthFilter.cpp:103: static data 'SharedButterworthFilter::m_b1'
./ButterworthFilter.cpp:104: static data 'SharedButterworthFilter::m_b2'
./ButterworthFilter.cpp:105: static data 'SharedButterworthFilter::m_a1'
./ButterworthFilter.cpp:106: static data 'SharedButterworthFilter::m_a2'
./Contact.cpp:10: 'ode/ode.h' already #included in './Contact.h'
./CylinderWrapStrap.cpp:12: 'PGDMath.h' already #included in './CylinderWrapStrap.h'
./DataTargetQuaternion.cpp:12: 'PGDMath.h' already #included in './DataTargetQuaternion.h'
./DataTargetVector.cpp:12: 'PGDMath.h' already #included in './DataTargetVector.h'
./Geom.cpp:20: 'GSUtil.h' already #included on line 17
./GSUtil.cpp:15: 'PGDMath.h' already #included in './GSUtil.h'
./GSUtil.cpp:17: 'ode/ode.h' already #included in './GSUtil.h'
./GSUtil.cpp:1920: 'zeroin' not found in expected header './GSUtil.h' or any other directly #included header
./Joint.cpp:15: 'ode/ode.h' already #included in './Joint.h'
./LMotorJoint.cpp:13: 'PGDMath.h' already #included in './LMotorJoint.h'
./MAMuscleComplete.cpp:408: 'CalculateForceError' not found in expected header './MAMuscleComplete.h' or any other directly #included header
./Marker.cpp:11: 'PGDMath.h' already #included in './Marker.h'
./MD5.cpp:16: 'f0' not found in expected header './MD5.h' or any other directly #included header
./MD5.cpp:19: 'f1' not found in expected header './MD5.h' or any other directly #included header
./MD5.cpp:22: 'f2' not found in expected header './MD5.h' or any other directly #included header
./MD5.cpp:25: 'f3' not found in expected header './MD5.h' or any other directly #included header
./MD5.cpp:30: 'calcKs' not found in expected header './MD5.h' or any other directly #included header
./MD5.cpp:44: 'rol' not found in expected header './MD5.h' or any other directly #included header
./NPointStrap.cpp:12: 'PGDMath.h' already #included in './NPointStrap.h'
./ObjectiveMain.cpp:21: 'ArgParse.h' already #included in './ObjectiveMain.h'
./ObjectiveMainASIO.cpp:21: 'ArgParse.h' already #included in './ObjectiveMainASIO.h'
./ObjectiveMainASIOAsync.cpp:21: 'ArgParse.h' already #included in './ObjectiveMainASIOAsync.h'
./ObjectiveMainENET.cpp:21: 'ArgParse.h' already #included in './ObjectiveMainENET.h'
./ObjectiveMainENETThreaded.cpp:21: 'ArgParse.h' already #included in './ObjectiveMainENETThreaded.h'
./ObjectiveMainTCP.cpp:21: 'ArgParse.h' already #included in './ObjectiveMainTCP.h'
./ObjectiveMainUDP.cpp:21: 'ArgParse.h' already #included in './ObjectiveMainUDP.h'
./ObjectiveMainUDT.cpp:21: 'ArgParse.h' already #included in './ObjectiveMainUDT.h'
./ParseXML.cpp:13: unable to find 'rapidxml_print.hpp'
./PCA.cpp:63: 'operator<<' not found in expected header './PCA.h' or any other directly #included header
./PlaneGeom.cpp:17: 'ode/ode.h' already #included in './PlaneGeom.h'
./Simulation.cpp:23: 'DataFile.h' already #included in './Simulation.h'
./Simulation.cpp:42: 'Contact.h' already #included in './Simulation.h'
./Simulation.cpp:65: 'ode/ode.h' already #included in './Simulation.h'
./Strap.cpp:12: 'Simulation.h' already #included in './Strap.h'
./TegotaeDriver.cpp:15: 'Marker.h' already #included in './TegotaeDriver.h'
./ThreeHingeJointDriver.cpp:17: 'PGDMath.h' already #included in './ThreeHingeJointDriver.h'
./TwoCylinderWrapStrap.cpp:12: 'PGDMath.h' already #included in './TwoCylinderWrapStrap.h'
./Warehouse.cpp:18: 'PCA.h' already #included in './Warehouse.h'
./Warehouse.cpp:20: 'ANN/ANN.h' already #included in './Warehouse.h'
./Warehouse.cpp:20: unable to find 'ANN/ANN.h'
./XMLConverter.cpp:13: unable to find 'exprtk.hpp'
./XMLConverter.cpp:23: 'sstream' already #included on line 18
